<?xml version="1.0" encoding="UTF-8"?>
<!-- Generated by org.testng.reporters.JUnitXMLReporter -->
<testsuite ignored="0" hostname="DESKTOP-US1CTOQ" failures="0" tests="2" name="TestOnChrome" time="109.985" errors="0" timestamp="2023-08-01T16:48:59 IST">
  <testcase classname="com.selenium.tripcost.test.TripAdvisorTest.TestProject" name="test1" time="107.029"/>
  <testcase classname="com.selenium.tripcost.test.TripAdvisorTest.TestProject" name="test2" time="1.554"/>
</testsuite> <!-- TestOnChrome -->
