<?xml version="1.0" encoding="UTF-8"?>
<testng-results ignored="0" total="2" passed="2" failed="0" skipped="0">
  <reporter-output>
  </reporter-output>
  <suite started-at="2023-08-01T16:47:09 IST" name="Suite" finished-at="2023-08-01T16:48:59 IST" duration-ms="109985">
    <groups>
    </groups>
    <test started-at="2023-08-01T16:47:09 IST" name="TestOnChrome" finished-at="2023-08-01T16:48:59 IST" duration-ms="109985">
      <class name="com.selenium.tripcost.test.TripAdvisorTest.TestProject">
        <test-method signature="test1(java.lang.String)[pri:0, instance:com.selenium.tripcost.test.TripAdvisorTest.TestProject@7ac296f6]" started-at="2023-08-01T16:47:09 IST" name="test1" finished-at="2023-08-01T16:48:56 IST" duration-ms="107029" status="PASS">
          <params>
            <param index="0">
              <value>
                <![CDATA[chrome]]>
              </value>
            </param>
          </params>
          <reporter-output>
          </reporter-output>
        </test-method> <!-- test1 -->
        <test-method signature="test2()[pri:0, instance:com.selenium.tripcost.test.TripAdvisorTest.TestProject@7ac296f6]" started-at="2023-08-01T16:48:56 IST" name="test2" finished-at="2023-08-01T16:48:58 IST" depends-on-methods="com.selenium.tripcost.test.TripAdvisorTest.TestProject.test1" duration-ms="1554" status="PASS">
          <reporter-output>
          </reporter-output>
        </test-method> <!-- test2 -->
        <test-method is-config="true" signature="endReport()[pri:0, instance:com.selenium.tripcost.test.TripAdvisorTest.TestProject@7ac296f6]" started-at="2023-08-01T16:48:58 IST" name="endReport" finished-at="2023-08-01T16:48:59 IST" duration-ms="1295" status="PASS">
          <reporter-output>
          </reporter-output>
        </test-method> <!-- endReport -->
      </class> <!-- com.selenium.tripcost.test.TripAdvisorTest.TestProject -->
    </test> <!-- TestOnChrome -->
  </suite> <!-- Suite -->
</testng-results>
